Content-Type: multipart/alternative;
 boundary="===============2297886935643893704=="
MIME-Version: 1.0
Subject: Order #52 Complete
From: mediafacility@janelia.hhmi.org
To: coffmans@janelia.hhmi.org
Cc: coffmans@janelia.hhmi.org, mediafacility@janelia.hhmi.org
Date: Thu, 14 Jun 2018 19:59:38 -0000
Message-ID: <20180614195938.9801.47894@vm650.int.janelia.org>

--===============2297886935643893704==
Content-Type: text/plain; charset="utf-8"
MIME-Version: 1.0
Content-Transfer-Encoding: 7bit

Greetings,
Your media store order #52 has been created. 

You can view a summary of this order here:
52

Sincerely,

The Media Facility
--===============2297886935643893704==
Content-Type: text/html; charset="utf-8"
MIME-Version: 1.0
Content-Transfer-Encoding: 7bit

Greetings,<br><br>

Your media store order #52 has been created. <br><br>

You can view a summary of this order:<br>
<a href="/order/view">Order #52</a><br><br>

Sincerely,<br><br>

The Media Facility
--===============2297886935643893704==--

-------------------------------------------------------------------------------
