Content-Type: multipart/alternative;
 boundary="===============2135420497966800337=="
MIME-Version: 1.0
Subject: Order #55 Complete
From: mediafacility@janelia.hhmi.org
To: haques@hhmi.org
Cc: coffmans@janelia.hhmi.org, mediafacility@janelia.hhmi.org
Date: Mon, 18 Jun 2018 19:06:15 -0000
Message-ID: <20180618190615.33149.56656@vm650.int.janelia.org>

--===============2135420497966800337==
Content-Type: text/plain; charset="utf-8"
MIME-Version: 1.0
Content-Transfer-Encoding: 7bit

Greetings,
Your media store order #55 has been created. 

You can view a summary of this order here:
55

Sincerely,

The Media Facility
--===============2135420497966800337==
Content-Type: text/html; charset="utf-8"
MIME-Version: 1.0
Content-Transfer-Encoding: 7bit

Greetings,<br><br>

Your media store order #55 has been created. <br><br>

You can view a summary of this order:<br>
<a href="/order/view">Order #55</a><br><br>

Sincerely,<br><br>

The Media Facility
--===============2135420497966800337==--

-------------------------------------------------------------------------------
