Content-Type: multipart/alternative;
 boundary="===============1144489928454620851=="
MIME-Version: 1.0
Subject: Order #67 Submitted
From: mediafacility@janelia.hhmi.org
To: kaoj@janelia.hhmi.org
Cc: kaoj@janelia.hhmi.org, mediafacility@janelia.hhmi.org
Date: Wed, 27 Jun 2018 20:25:32 -0000
Message-ID: <20180627202532.64274.96411@vm650.int.janelia.org>

--===============1144489928454620851==
Content-Type: text/plain; charset="utf-8"
MIME-Version: 1.0
Content-Transfer-Encoding: 7bit

Greetings,
Your media store order #67 has been edited. 

You can view a summary of this order here:
67

Sincerely,

The Media Facility
--===============1144489928454620851==
Content-Type: text/html; charset="utf-8"
MIME-Version: 1.0
Content-Transfer-Encoding: 7bit

Greetings,<br><br>

Your media store order #67 has been edited. <br><br>

You can view a summary of this order:<br>
<a href="/order/edit/67">Order #67</a><br><br>



Sincerely,<br><br>

The Media Facility
--===============1144489928454620851==--

-------------------------------------------------------------------------------
