Content-Type: multipart/alternative;
 boundary="===============0215096089178581091=="
MIME-Version: 1.0
Subject: Order #52 Complete
From: mediafacility@janelia.hhmi.org
To: nazh10@janelia.hhmi.org
Cc: kaoj@janelia.hhmi.org, mediafacility@janelia.hhmi.org
Date: Mon, 18 Jun 2018 14:18:09 -0000
Message-ID: <20180618141809.9619.55806@vm650.int.janelia.org>

--===============0215096089178581091==
Content-Type: text/plain; charset="utf-8"
MIME-Version: 1.0
Content-Transfer-Encoding: 7bit

Greetings,
Your media store order #52 has been created. 

You can view a summary of this order here:
52

Sincerely,

The Media Facility
--===============0215096089178581091==
Content-Type: text/html; charset="utf-8"
MIME-Version: 1.0
Content-Transfer-Encoding: 7bit

Greetings,<br><br>

Your media store order #52 has been created. <br><br>

You can view a summary of this order:<br>
<a href="/order/view">Order #52</a><br><br>

Sincerely,<br><br>

The Media Facility
--===============0215096089178581091==--

-------------------------------------------------------------------------------
