Content-Type: multipart/alternative;
 boundary="===============2911521905956535738=="
MIME-Version: 1.0
Subject: Order #74 Submitted
From: mediafacility@janelia.hhmi.org
To: coffmans@janelia.hhmi.org
Cc: coffmans@janelia.hhmi.org
Date: Thu, 28 Jun 2018 15:24:38 -0000
Message-ID: <20180628152438.22433.35564@vm650.int.janelia.org>

--===============2911521905956535738==
Content-Type: text/plain; charset="utf-8"
MIME-Version: 1.0
Content-Transfer-Encoding: 7bit

Greetings,
Your media store order #74 has been created. 

You can view a summary of this order here:
74

Sincerely,

The Media Facility
--===============2911521905956535738==
Content-Type: text/html; charset="utf-8"
MIME-Version: 1.0
Content-Transfer-Encoding: 7bit

Greetings,<br><br>

Your media store order #74 has been created. <br><br>

You can view a summary of this order:<br>
<a href="mediastore.int.janelia.org/order/edit/74">Order #74</a><br><br>



Sincerely,<br><br>

The Media Facility
--===============2911521905956535738==--

-------------------------------------------------------------------------------
