Content-Type: multipart/alternative;
 boundary="===============3160976012528749203=="
MIME-Version: 1.0
Subject: Order #66 Submitted
From: mediafacility@janelia.hhmi.org
To: kaoj@janelia.hhmi.org
Cc: kaoj@janelia.hhmi.org, mediafacility@janelia.hhmi.org
Date: Wed, 27 Jun 2018 20:16:57 -0000
Message-ID: <20180627201657.63458.41326@vm650.int.janelia.org>

--===============3160976012528749203==
Content-Type: text/plain; charset="utf-8"
MIME-Version: 1.0
Content-Transfer-Encoding: 7bit

Greetings,
Your media store order #66 has been edited. 

You can view a summary of this order here:
66

Sincerely,

The Media Facility
--===============3160976012528749203==
Content-Type: text/html; charset="utf-8"
MIME-Version: 1.0
Content-Transfer-Encoding: 7bit

Greetings,<br><br>

Your media store order #66 has been edited. <br><br>

You can view a summary of this order:<br>
<a href="/order/edit/66">Order #66</a><br><br>



Sincerely,<br><br>

The Media Facility
--===============3160976012528749203==--

-------------------------------------------------------------------------------
