Content-Type: multipart/alternative;
 boundary="===============4578330491850328142=="
MIME-Version: 1.0
Subject: Order #12 Edited
From: mediafacility@janelia.hhmi.org
To: rebhornb@janelia.hhmi.org
Date: Fri, 24 Aug 2018 18:02:53 -0000
Message-ID: <20180824180253.2108.2671@vm650.int.janelia.org>

--===============4578330491850328142==
Content-Type: text/plain; charset="utf-8"
MIME-Version: 1.0
Content-Transfer-Encoding: 7bit

Greetings,
Your media store order #12 has been edited. 

You can view a summary of this order here:
12

Sincerely,

The Media Facility
--===============4578330491850328142==
Content-Type: text/html; charset="utf-8"
MIME-Version: 1.0
Content-Transfer-Encoding: 7bit

Greetings,<br><br>

Your media store order #12 has been edited. <br><br>

You can view a summary of this order:<br>
<a href="/order/edit/12">Order #12</a><br><br>



Sincerely,<br><br>

The Media Facility
--===============4578330491850328142==--

-------------------------------------------------------------------------------
