Content-Type: multipart/alternative;
 boundary="===============6218937875217806007=="
MIME-Version: 1.0
Subject: Order #10 Submitted
From: mediafacility@janelia.hhmi.org
To: rebhornb@janelia.hhmi.org
Cc: rebhornb@janelia.hhmi.org
Date: Fri, 17 Aug 2018 19:39:44 -0000
Message-ID: <20180817193944.48245.84389@vm650.int.janelia.org>

--===============6218937875217806007==
Content-Type: text/plain; charset="utf-8"
MIME-Version: 1.0
Content-Transfer-Encoding: 7bit

Greetings,
Your media store order #10 has been created. 

You can view a summary of this order here:
10

Sincerely,

The Media Facility
--===============6218937875217806007==
Content-Type: text/html; charset="utf-8"
MIME-Version: 1.0
Content-Transfer-Encoding: 7bit

Greetings,<br><br>

Your media store order #10 has been created. <br><br>

You can view a summary of this order:<br>
<a href="mediastore.int.janelia.org/order/edit/10">Order #10</a><br><br>



Sincerely,<br><br>

The Media Facility
--===============6218937875217806007==--

-------------------------------------------------------------------------------
