Content-Type: multipart/alternative;
 boundary="===============3218939788457105805=="
MIME-Version: 1.0
Subject: Order #51 Complete
From: mediafacility@janelia.hhmi.org
To: coffmans@janelia.hhmi.org
Cc: coffmans@janelia.hhmi.org, mediafacility@janelia.hhmi.org
Date: Thu, 14 Jun 2018 19:58:49 -0000
Message-ID: <20180614195849.9701.58582@vm650.int.janelia.org>

--===============3218939788457105805==
Content-Type: text/plain; charset="utf-8"
MIME-Version: 1.0
Content-Transfer-Encoding: 7bit

Greetings,
Your media store order #51 has been created. 

You can view a summary of this order here:
51

Sincerely,

The Media Facility
--===============3218939788457105805==
Content-Type: text/html; charset="utf-8"
MIME-Version: 1.0
Content-Transfer-Encoding: 7bit

Greetings,<br><br>

Your media store order #51 has been created. <br><br>

You can view a summary of this order:<br>
<a href="/order/view">Order #51</a><br><br>

Sincerely,<br><br>

The Media Facility
--===============3218939788457105805==--

-------------------------------------------------------------------------------
