Content-Type: multipart/alternative;
 boundary="===============1236506828159387403=="
MIME-Version: 1.0
Subject: Order #86 Complete
From: mediafacility@janelia.hhmi.org
To: harrisons1@janelia.hhmi.org
Date: Fri, 29 Jun 2018 11:43:00 -0000
Message-ID: <20180629114300.63420.64255@vm650.int.janelia.org>

--===============1236506828159387403==
Content-Type: text/plain; charset="utf-8"
MIME-Version: 1.0
Content-Transfer-Encoding: 7bit

Greetings,
Your media store order #86 has been completed. 
Please remember to pick up your order from your preferred pick-up location:3W.266.

You can view a summary of this order:
86

Sincerely,

The Media Facility
--===============1236506828159387403==
Content-Type: text/html; charset="utf-8"
MIME-Version: 1.0
Content-Transfer-Encoding: 7bit

Greetings,<br><br>

Your media store order #86 has been completed. <br><br>
Please remember to pick up your order from your preferred pick-up location: <b>3W.266</b>.<br><br>

You can view a summary of this order:<br>
<b><a href="/order/edit/86">Order #86</a></b><br><br>

Sincerely,<br><br>

The Media Facility
--===============1236506828159387403==--

-------------------------------------------------------------------------------
