Content-Type: multipart/alternative;
 boundary="===============0077024768459595609=="
MIME-Version: 1.0
Subject: Order #64 Submitted
From: mediafacility@janelia.hhmi.org
To: coffmans@janelia.hhmi.org
Cc: harrisons1@janelia.hhmi.org
Date: Tue, 03 Jul 2018 19:05:17 -0000
Message-ID: <20180703190517.21463.99836@vm650.int.janelia.org>

--===============0077024768459595609==
Content-Type: text/plain; charset="utf-8"
MIME-Version: 1.0
Content-Transfer-Encoding: 7bit

Greetings,
Your recurring media store order #64 will be ending in three weeks. Please review your order and extend the end date if necessary.

You can view a summary of this order here:
mediastore.int.janelia.org/order/edit/64

Sincerely,

The Media Facility

--===============0077024768459595609==
Content-Type: text/html; charset="utf-8"
MIME-Version: 1.0
Content-Transfer-Encoding: 7bit

Greetings,<br><br>


Your recurring media store order #64 will be ending in three weeks. Please review your order and extend the end date if necessary.<br><br>

You can view a summary of this order:<br>
<b><a href="mediastore.int.janelia.org/order/edit/64">Order #64</a></b><br><br>

Sincerely,<br><br>

The Media Facility
--===============0077024768459595609==--

-------------------------------------------------------------------------------
