Content-Type: multipart/alternative;
 boundary="===============0638708472194168980=="
MIME-Version: 1.0
Subject: Order #6 Submitted
From: mediafacility@janelia.hhmi.org
To: harrisons1@janelia.hhmi.org
Cc: harrisons1@janelia.hhmi.org
Date: Thu, 09 Aug 2018 15:28:06 -0000
Message-ID: <20180809152806.44572.31202@vm650.int.janelia.org>

--===============0638708472194168980==
Content-Type: text/plain; charset="utf-8"
MIME-Version: 1.0
Content-Transfer-Encoding: 7bit

Greetings,
Your media store order #6 has been created. 

You can view a summary of this order here:
6

Sincerely,

The Media Facility
--===============0638708472194168980==
Content-Type: text/html; charset="utf-8"
MIME-Version: 1.0
Content-Transfer-Encoding: 7bit

Greetings,<br><br>

Your media store order #6 has been created. <br><br>

You can view a summary of this order:<br>
<a href="mediastore.int.janelia.org/order/edit/6">Order #6</a><br><br>



Sincerely,<br><br>

The Media Facility
--===============0638708472194168980==--

-------------------------------------------------------------------------------
