Content-Type: multipart/alternative;
 boundary="===============2692686663755294634=="
MIME-Version: 1.0
Subject: Order #28 Complete
From: mediafacility@janelia.hhmi.org
To: guillermo@janelia.hhmi.org
Date: Thu, 14 Jun 2018 17:10:22 -0000
Message-ID: <20180614171022.25849.81230@vm650.int.janelia.org>

--===============2692686663755294634==
Content-Type: text/plain; charset="utf-8"
MIME-Version: 1.0
Content-Transfer-Encoding: 7bit

Greetings,
Your media store order #28 has been completed. 
Please remember to pick up your order from your preferred pick-up location:One.

You can view a summary of this order:
28

Sincerely,

The Media Facility
--===============2692686663755294634==
Content-Type: text/html; charset="utf-8"
MIME-Version: 1.0
Content-Transfer-Encoding: 7bit

Greetings,<br><br>

Your media store order #28 has been completed. <br><br>
Please remember to pick up your order from your preferred pick-up location:One.<br><br>

You can view a summary of this order:<br>
<a href="/order/view">Order #28</a><br><br>

Sincerely,<br><br>

The Media Facility
--===============2692686663755294634==--

-------------------------------------------------------------------------------
