Content-Type: multipart/alternative;
 boundary="===============0894569918257613441=="
MIME-Version: 1.0
Subject: Order #65 Complete
From: mediafacility@janelia.hhmi.org
To: rebhornb@janelia.hhmi.org
Date: Mon, 02 Jul 2018 17:24:56 -0000
Message-ID: <20180702172456.23074.62444@vm650.int.janelia.org>

--===============0894569918257613441==
Content-Type: text/plain; charset="utf-8"
MIME-Version: 1.0
Content-Transfer-Encoding: 7bit

Greetings,
Your media store order #65 has been completed. 
Please remember to pick up your order from your preferred pick-up location:2C.225.

You can view a summary of this order:
65

Sincerely,

The Media Facility
--===============0894569918257613441==
Content-Type: text/html; charset="utf-8"
MIME-Version: 1.0
Content-Transfer-Encoding: 7bit

Greetings,<br><br>

Your media store order #65 has been completed. <br><br>
Please remember to pick up your order from your preferred pick-up location: <b>2C.225</b>.<br><br>

You can view a summary of this order:<br>
<b><a href="/order/edit/65">Order #65</a></b><br><br>

Sincerely,<br><br>

The Media Facility
--===============0894569918257613441==--

-------------------------------------------------------------------------------
