Content-Type: multipart/alternative;
 boundary="===============6017307718465059044=="
MIME-Version: 1.0
Subject: Order #53 Complete
From: mediafacility@janelia.hhmi.org
To: coffmans@janelia.hhmi.org
Cc: coffmans@janelia.hhmi.org, mediafacility@janelia.hhmi.org
Date: Thu, 14 Jun 2018 20:02:19 -0000
Message-ID: <20180614200219.10085.52282@vm650.int.janelia.org>

--===============6017307718465059044==
Content-Type: text/plain; charset="utf-8"
MIME-Version: 1.0
Content-Transfer-Encoding: 7bit

Greetings,
Your media store order #53 has been created. 

You can view a summary of this order here:
53

Sincerely,

The Media Facility
--===============6017307718465059044==
Content-Type: text/html; charset="utf-8"
MIME-Version: 1.0
Content-Transfer-Encoding: 7bit

Greetings,<br><br>

Your media store order #53 has been created. <br><br>

You can view a summary of this order:<br>
<a href="/order/view">Order #53</a><br><br>

Sincerely,<br><br>

The Media Facility
--===============6017307718465059044==--

-------------------------------------------------------------------------------
