Content-Type: multipart/alternative;
 boundary="===============6878163045657326024=="
MIME-Version: 1.0
Subject: Message regarding Media Store Order
From: mediafacility@janelia.hhmi.org
To: guillermo@janelia.hhmi.org
Date: Wed, 24 Jan 2018 15:32:29 -0000
Message-ID: <20180124153229.9446.24476@coffmans-ThinkPad-X1-Carbon-4th>

--===============6878163045657326024==
Content-Type: text/plain; charset="utf-8"
MIME-Version: 1.0
Content-Transfer-Encoding: 7bit

Greetings,
This email is concerning media store order #14.

You can view a summary of this order:


test

Sincerely,

The Media Facility
--===============6878163045657326024==
Content-Type: text/html; charset="utf-8"
MIME-Version: 1.0
Content-Transfer-Encoding: 7bit

Greetings,<br><br>

This email is concerning media store order .<br><br>

You can view a summary of this order:<br>
<a href="/order/view">Order #</a><br><br>

Sincerely,<br><br>

The Media Facility
--===============6878163045657326024==--

-------------------------------------------------------------------------------
