Content-Type: multipart/alternative;
 boundary="===============3392403935435925001=="
MIME-Version: 1.0
Subject: Order #37 Complete
From: mediafacility@janelia.hhmi.org
To: coffmans@janelia.hhmi.org
Date: Thu, 14 Jun 2018 17:25:46 -0000
Message-ID: <20180614172546.27356.8723@vm650.int.janelia.org>

--===============3392403935435925001==
Content-Type: text/plain; charset="utf-8"
MIME-Version: 1.0
Content-Transfer-Encoding: 7bit

Greetings,
Your media store order #37 has been completed. 
Please remember to pick up your order from your preferred pick-up location:3C.265.

You can view a summary of this order:
37

Sincerely,

The Media Facility
--===============3392403935435925001==
Content-Type: text/html; charset="utf-8"
MIME-Version: 1.0
Content-Transfer-Encoding: 7bit

Greetings,<br><br>

Your media store order #37 has been completed. <br><br>
Please remember to pick up your order from your preferred pick-up location:3C.265.<br><br>

You can view a summary of this order:<br>
<a href="/order/view">Order #37</a><br><br>

Sincerely,<br><br>

The Media Facility
--===============3392403935435925001==--

-------------------------------------------------------------------------------
