Content-Type: multipart/alternative;
 boundary="===============0156855743605956008=="
MIME-Version: 1.0
Subject: Message regarding Media Store Order 14
From: mediafacility@janelia.hhmi.org
To: guillermo@janelia.hhmi.org
Date: Wed, 24 Jan 2018 19:49:38 -0000
Message-ID: <20180124194938.18689.3742@coffmans-ThinkPad-X1-Carbon-4th>

--===============0156855743605956008==
Content-Type: text/plain; charset="utf-8"
MIME-Version: 1.0
Content-Transfer-Encoding: 7bit

Greetings,
This email is concerning media store order #14.

You can view a summary of this order:


test

Sincerely,

The Media Facility
--===============0156855743605956008==
Content-Type: text/html; charset="utf-8"
MIME-Version: 1.0
Content-Transfer-Encoding: 7bit

Greetings,<br><br>

This email is concerning media store order 14.<br><br>

You can view a summary of this order:<br>
<a href="http://localhost:8000/14/email/order/view">Order #14</a><br><br>

Sincerely,<br><br>

The Media Facility
--===============0156855743605956008==--

-------------------------------------------------------------------------------
