Content-Type: multipart/alternative;
 boundary="===============5703164756781438699=="
MIME-Version: 1.0
Subject: Order #41 Complete
From: mediafacility@janelia.hhmi.org
To: coffmans@janelia.hhmi.org
Cc: coffmans@janelia.hhmi.org, mediafacility@janelia.hhmi.org
Date: Wed, 13 Jun 2018 20:05:38 -0000
Message-ID: <20180613200538.5903.73185@vm650.int.janelia.org>

--===============5703164756781438699==
Content-Type: text/plain; charset="utf-8"
MIME-Version: 1.0
Content-Transfer-Encoding: 7bit

Greetings,
Your media store order #41 has been created. 

You can view a summary of this order here:
41

Sincerely,

The Media Facility
--===============5703164756781438699==
Content-Type: text/html; charset="utf-8"
MIME-Version: 1.0
Content-Transfer-Encoding: 7bit

Greetings,<br><br>

Your media store order #41 has been created. <br><br>

You can view a summary of this order:<br>
<a href="/order/view">Order #41</a><br><br>

Sincerely,<br><br>

The Media Facility
--===============5703164756781438699==--

-------------------------------------------------------------------------------
