Content-Type: multipart/alternative;
 boundary="===============4096158084265685957=="
MIME-Version: 1.0
Subject: Order #51 Complete
From: mediafacility@janelia.hhmi.org
To: kainmuellerd@janelia.hhmi.org
Cc: kaoj@janelia.hhmi.org, mediafacility@janelia.hhmi.org
Date: Mon, 18 Jun 2018 14:17:50 -0000
Message-ID: <20180618141750.9618.27348@vm650.int.janelia.org>

--===============4096158084265685957==
Content-Type: text/plain; charset="utf-8"
MIME-Version: 1.0
Content-Transfer-Encoding: 7bit

Greetings,
Your media store order #51 has been created. 

You can view a summary of this order here:
51

Sincerely,

The Media Facility
--===============4096158084265685957==
Content-Type: text/html; charset="utf-8"
MIME-Version: 1.0
Content-Transfer-Encoding: 7bit

Greetings,<br><br>

Your media store order #51 has been created. <br><br>

You can view a summary of this order:<br>
<a href="/order/view">Order #51</a><br><br>

Sincerely,<br><br>

The Media Facility
--===============4096158084265685957==--

-------------------------------------------------------------------------------
