Content-Type: multipart/alternative;
 boundary="===============0461498663397470665=="
MIME-Version: 1.0
Subject: Order #4 Complete
From: mediafacility@janelia.hhmi.org
To: greg@janelia.hhmi.org
Date: Mon, 29 Jan 2018 18:18:29 -0000
Message-ID: <20180129181829.21723.92578@coffmans-ThinkPad-X1-Carbon-4th>

--===============0461498663397470665==
Content-Type: text/plain; charset="utf-8"
MIME-Version: 1.0
Content-Transfer-Encoding: 7bit

Greetings,
Your media store order #4 has been completed. 
Please remember to pick up your order from your preferred pick-up location:Two.

You can view a summary of this order:
4

Sincerely,

The Media Facility
--===============0461498663397470665==
Content-Type: text/html; charset="utf-8"
MIME-Version: 1.0
Content-Transfer-Encoding: 7bit

Greetings,<br><br>

This email is concerning media store order .<br><br>

You can view a summary of this order:<br>
<a href="/order/view">Order #</a><br><br>

Sincerely,<br><br>


--===============0461498663397470665==--

-------------------------------------------------------------------------------
