Content-Type: multipart/alternative;
 boundary="===============2191993134071289091=="
MIME-Version: 1.0
Subject: Order #48 Complete
From: mediafacility@janelia.hhmi.org
To: kaoj@janelia.hhmi.org
Cc: coffmans@janelia.hhmi.org, mediafacility@janelia.hhmi.org
Date: Mon, 18 Jun 2018 14:06:39 -0000
Message-ID: <20180618140639.9617.91223@vm650.int.janelia.org>

--===============2191993134071289091==
Content-Type: text/plain; charset="utf-8"
MIME-Version: 1.0
Content-Transfer-Encoding: 7bit

Greetings,
Your media store order #48 has been created. 

You can view a summary of this order here:
48

Sincerely,

The Media Facility
--===============2191993134071289091==
Content-Type: text/html; charset="utf-8"
MIME-Version: 1.0
Content-Transfer-Encoding: 7bit

Greetings,<br><br>

Your media store order #48 has been created. <br><br>

You can view a summary of this order:<br>
<a href="/order/view">Order #48</a><br><br>

Sincerely,<br><br>

The Media Facility
--===============2191993134071289091==--

-------------------------------------------------------------------------------
