Content-Type: multipart/alternative;
 boundary="===============3323718843569718371=="
MIME-Version: 1.0
Subject: Order #50 Complete
From: mediafacility@janelia.hhmi.org
To: coffmansr906@gmail.com
Cc: kaoj@janelia.hhmi.org, mediafacility@janelia.hhmi.org
Date: Mon, 18 Jun 2018 14:17:34 -0000
Message-ID: <20180618141734.9618.58780@vm650.int.janelia.org>

--===============3323718843569718371==
Content-Type: text/plain; charset="utf-8"
MIME-Version: 1.0
Content-Transfer-Encoding: 7bit

Greetings,
Your media store order #50 has been created. 

You can view a summary of this order here:
50

Sincerely,

The Media Facility
--===============3323718843569718371==
Content-Type: text/html; charset="utf-8"
MIME-Version: 1.0
Content-Transfer-Encoding: 7bit

Greetings,<br><br>

Your media store order #50 has been created. <br><br>

You can view a summary of this order:<br>
<a href="/order/view">Order #50</a><br><br>

Sincerely,<br><br>

The Media Facility
--===============3323718843569718371==--

-------------------------------------------------------------------------------
