Content-Type: multipart/alternative;
 boundary="===============4370807825396170094=="
MIME-Version: 1.0
Subject: Order #41 Complete
From: mediafacility@janelia.hhmi.org
To: coffmans@janelia.hhmi.org
Date: Thu, 14 Jun 2018 17:18:55 -0000
Message-ID: <20180614171855.26647.32204@vm650.int.janelia.org>

--===============4370807825396170094==
Content-Type: text/plain; charset="utf-8"
MIME-Version: 1.0
Content-Transfer-Encoding: 7bit

Greetings,
Your media store order #41 has been completed. 
Please remember to pick up your order from your preferred pick-up location:3C.267.

You can view a summary of this order:
41

Sincerely,

The Media Facility
--===============4370807825396170094==
Content-Type: text/html; charset="utf-8"
MIME-Version: 1.0
Content-Transfer-Encoding: 7bit

Greetings,<br><br>

Your media store order #41 has been completed. <br><br>
Please remember to pick up your order from your preferred pick-up location:3C.267.<br><br>

You can view a summary of this order:<br>
<a href="/order/view">Order #41</a><br><br>

Sincerely,<br><br>

The Media Facility
--===============4370807825396170094==--

-------------------------------------------------------------------------------
