Content-Type: multipart/alternative;
 boundary="===============2941614501868026411=="
MIME-Version: 1.0
Subject: Message regarding Media Store Order
From: mediafacility@janelia.hhmi.org
To: guillermo@janelia.hhmi.org
Date: Wed, 24 Jan 2018 15:43:09 -0000
Message-ID: <20180124154309.10382.58717@coffmans-ThinkPad-X1-Carbon-4th>

--===============2941614501868026411==
Content-Type: text/plain; charset="utf-8"
MIME-Version: 1.0
Content-Transfer-Encoding: 7bit

Greetings,
This email is concerning media store order #14.

You can view a summary of this order:


test

Sincerely,

The Media Facility
--===============2941614501868026411==
Content-Type: text/html; charset="utf-8"
MIME-Version: 1.0
Content-Transfer-Encoding: 7bit

Greetings,<br><br>

This email is concerning media store order 14.<br><br>

You can view a summary of this order:<br>
<a href="http://localhost:8000//order/view">Order #14</a><br><br>

Sincerely,<br><br>

The Media Facility
--===============2941614501868026411==--

-------------------------------------------------------------------------------
