Content-Type: multipart/alternative;
 boundary="===============7190520734029600059=="
MIME-Version: 1.0
Subject: Order #49 Complete
From: mediafacility@janelia.hhmi.org
To: kaoj@janelia.hhmi.org
Cc: kaoj@janelia.hhmi.org, mediafacility@janelia.hhmi.org
Date: Mon, 18 Jun 2018 14:17:18 -0000
Message-ID: <20180618141718.9617.98739@vm650.int.janelia.org>

--===============7190520734029600059==
Content-Type: text/plain; charset="utf-8"
MIME-Version: 1.0
Content-Transfer-Encoding: 7bit

Greetings,
Your media store order #49 has been created. 

You can view a summary of this order here:
49

Sincerely,

The Media Facility
--===============7190520734029600059==
Content-Type: text/html; charset="utf-8"
MIME-Version: 1.0
Content-Transfer-Encoding: 7bit

Greetings,<br><br>

Your media store order #49 has been created. <br><br>

You can view a summary of this order:<br>
<a href="/order/view">Order #49</a><br><br>

Sincerely,<br><br>

The Media Facility
--===============7190520734029600059==--

-------------------------------------------------------------------------------
