Content-Type: multipart/alternative;
 boundary="===============4733131158072792677=="
MIME-Version: 1.0
Subject: Order #11 Edited
From: mediafacility@janelia.hhmi.org
To: rebhornb@janelia.hhmi.org
Date: Fri, 24 Aug 2018 18:02:34 -0000
Message-ID: <20180824180234.2105.16626@vm650.int.janelia.org>

--===============4733131158072792677==
Content-Type: text/plain; charset="utf-8"
MIME-Version: 1.0
Content-Transfer-Encoding: 7bit

Greetings,
Your media store order #11 has been edited. 

You can view a summary of this order here:
11

Sincerely,

The Media Facility
--===============4733131158072792677==
Content-Type: text/html; charset="utf-8"
MIME-Version: 1.0
Content-Transfer-Encoding: 7bit

Greetings,<br><br>

Your media store order #11 has been edited. <br><br>

You can view a summary of this order:<br>
<a href="/order/edit/11">Order #11</a><br><br>



Sincerely,<br><br>

The Media Facility
--===============4733131158072792677==--

-------------------------------------------------------------------------------
