Content-Type: multipart/alternative;
 boundary="===============0548298064836173051=="
MIME-Version: 1.0
Subject: Order #49 Submitted
From: mediafacility@janelia.hhmi.org
To: kaoj@janelia.hhmi.org
Cc: kaoj@janelia.hhmi.org, mediafacility@janelia.hhmi.org
Date: Wed, 27 Jun 2018 20:27:03 -0000
Message-ID: <20180627202703.64522.46230@vm650.int.janelia.org>

--===============0548298064836173051==
Content-Type: text/plain; charset="utf-8"
MIME-Version: 1.0
Content-Transfer-Encoding: 7bit

Greetings,
Your media store order #49 has been edited. 

You can view a summary of this order here:
49

Sincerely,

The Media Facility
--===============0548298064836173051==
Content-Type: text/html; charset="utf-8"
MIME-Version: 1.0
Content-Transfer-Encoding: 7bit

Greetings,<br><br>

Your media store order #49 has been edited. <br><br>

You can view a summary of this order:<br>
<a href="/order/edit/49">Order #49</a><br><br>



Sincerely,<br><br>

The Media Facility
--===============0548298064836173051==--

-------------------------------------------------------------------------------
