Content-Type: multipart/alternative;
 boundary="===============5621303475861361003=="
MIME-Version: 1.0
Subject: Order #50 Complete
From: mediafacility@janelia.hhmi.org
To: coffmans@janelia.hhmi.org
Cc: coffmans@janelia.hhmi.org, mediafacility@janelia.hhmi.org
Date: Thu, 14 Jun 2018 19:47:30 -0000
Message-ID: <20180614194730.8601.23051@vm650.int.janelia.org>

--===============5621303475861361003==
Content-Type: text/plain; charset="utf-8"
MIME-Version: 1.0
Content-Transfer-Encoding: 7bit

Greetings,
Your media store order #50 has been created. 

You can view a summary of this order here:
50

Sincerely,

The Media Facility
--===============5621303475861361003==
Content-Type: text/html; charset="utf-8"
MIME-Version: 1.0
Content-Transfer-Encoding: 7bit

Greetings,<br><br>

Your media store order #50 has been created. <br><br>

You can view a summary of this order:<br>
<a href="/order/view">Order #50</a><br><br>

Sincerely,<br><br>

The Media Facility
--===============5621303475861361003==--

-------------------------------------------------------------------------------
