Content-Type: multipart/alternative;
 boundary="===============8129281754034472336=="
MIME-Version: 1.0
Subject: Order #104 Submitted
From: mediafacility@janelia.hhmi.org
To: coffmans@janelia.hhmi.org
Cc: coffmans@janelia.hhmi.org
Date: Tue, 10 Jul 2018 20:08:29 -0000
Message-ID: <20180710200829.10550.94400@vm650.int.janelia.org>

--===============8129281754034472336==
Content-Type: text/plain; charset="utf-8"
MIME-Version: 1.0
Content-Transfer-Encoding: 7bit

Greetings,
Your media store order #104 has been created. 

You can view a summary of this order here:
104

Sincerely,

The Media Facility
--===============8129281754034472336==
Content-Type: text/html; charset="utf-8"
MIME-Version: 1.0
Content-Transfer-Encoding: 7bit

Greetings,<br><br>

Your media store order #104 has been created. <br><br>

You can view a summary of this order:<br>
<a href="mediastore.int.janelia.org/order/edit/104">Order #104</a><br><br>



Sincerely,<br><br>

The Media Facility
--===============8129281754034472336==--

-------------------------------------------------------------------------------
