Content-Type: multipart/alternative;
 boundary="===============8590841538141860816=="
MIME-Version: 1.0
Subject: Order #42 Complete
From: mediafacility@janelia.hhmi.org
To: coffmans@janelia.hhmi.org
Date: Thu, 14 Jun 2018 17:27:35 -0000
Message-ID: <20180614172735.27564.29297@vm650.int.janelia.org>

--===============8590841538141860816==
Content-Type: text/plain; charset="utf-8"
MIME-Version: 1.0
Content-Transfer-Encoding: 7bit

Greetings,
Your media store order #42 has been completed. 
Please remember to pick up your order from your preferred pick-up location:3C.265.

You can view a summary of this order:
42

Sincerely,

The Media Facility
--===============8590841538141860816==
Content-Type: text/html; charset="utf-8"
MIME-Version: 1.0
Content-Transfer-Encoding: 7bit

Greetings,<br><br>

Your media store order #42 has been completed. <br><br>
Please remember to pick up your order from your preferred pick-up location:3C.265.<br><br>

You can view a summary of this order:<br>
<a href="/order/view">Order #42</a><br><br>

Sincerely,<br><br>

The Media Facility
--===============8590841538141860816==--

-------------------------------------------------------------------------------
