Content-Type: multipart/alternative;
 boundary="===============4225635152001042943=="
MIME-Version: 1.0
Subject: Order #101 Complete
From: mediafacility@janelia.hhmi.org
To: rebhornb@janelia.hhmi.org
Date: Thu, 05 Jul 2018 18:17:19 -0000
Message-ID: <20180705181719.64419.1235@vm650.int.janelia.org>

--===============4225635152001042943==
Content-Type: text/plain; charset="utf-8"
MIME-Version: 1.0
Content-Transfer-Encoding: 7bit

Greetings,
Your media store order #101 has been completed. 
Please remember to pick up your order from your preferred pick-up location:2C.225.

You can view a summary of this order:
101

Sincerely,

The Media Facility
--===============4225635152001042943==
Content-Type: text/html; charset="utf-8"
MIME-Version: 1.0
Content-Transfer-Encoding: 7bit

Greetings,<br><br>

Your media store order #101 has been completed. <br><br>
Please remember to pick up your order from your preferred pick-up location: <b>2C.225</b>.<br><br>

You can view a summary of this order:<br>
<b><a href="/order/edit/101">Order #101</a></b><br><br>

Sincerely,<br><br>

The Media Facility
--===============4225635152001042943==--

-------------------------------------------------------------------------------
