Content-Type: multipart/alternative;
 boundary="===============6877276104861871749=="
MIME-Version: 1.0
Subject: Order #42 Complete
From: mediafacility@janelia.hhmi.org
To: coffmans@janelia.hhmi.org
Cc: coffmans@janelia.hhmi.org, mediafacility@janelia.hhmi.org
Date: Thu, 14 Jun 2018 17:27:19 -0000
Message-ID: <20180614172719.27564.24368@vm650.int.janelia.org>

--===============6877276104861871749==
Content-Type: text/plain; charset="utf-8"
MIME-Version: 1.0
Content-Transfer-Encoding: 7bit

Greetings,
Your media store order #42 has been created. 

You can view a summary of this order here:
42

Sincerely,

The Media Facility
--===============6877276104861871749==
Content-Type: text/html; charset="utf-8"
MIME-Version: 1.0
Content-Transfer-Encoding: 7bit

Greetings,<br><br>

Your media store order #42 has been created. <br><br>

You can view a summary of this order:<br>
<a href="/order/view">Order #42</a><br><br>

Sincerely,<br><br>

The Media Facility
--===============6877276104861871749==--

-------------------------------------------------------------------------------
