Content-Type: multipart/alternative;
 boundary="===============4606944235604364674=="
MIME-Version: 1.0
Subject: Order #102 Complete
From: mediafacility@janelia.hhmi.org
To: rebhornb@janelia.hhmi.org
Date: Thu, 05 Jul 2018 18:18:24 -0000
Message-ID: <20180705181824.64561.76825@vm650.int.janelia.org>

--===============4606944235604364674==
Content-Type: text/plain; charset="utf-8"
MIME-Version: 1.0
Content-Transfer-Encoding: 7bit

Greetings,
Your media store order #102 has been completed. 
Please remember to pick up your order from your preferred pick-up location:2C.225.

You can view a summary of this order:
102

Sincerely,

The Media Facility
--===============4606944235604364674==
Content-Type: text/html; charset="utf-8"
MIME-Version: 1.0
Content-Transfer-Encoding: 7bit

Greetings,<br><br>

Your media store order #102 has been completed. <br><br>
Please remember to pick up your order from your preferred pick-up location: <b>2C.225</b>.<br><br>

You can view a summary of this order:<br>
<b><a href="/order/edit/102">Order #102</a></b><br><br>

Sincerely,<br><br>

The Media Facility
--===============4606944235604364674==--

-------------------------------------------------------------------------------
