Content-Type: multipart/alternative;
 boundary="===============3809482931142492885=="
MIME-Version: 1.0
Subject: Order #73 Submitted
From: mediafacility@janelia.hhmi.org
To: coffmans@janelia.hhmi.org
Cc: coffmans@janelia.hhmi.org
Date: Thu, 28 Jun 2018 15:18:59 -0000
Message-ID: <20180628151859.22431.61912@vm650.int.janelia.org>

--===============3809482931142492885==
Content-Type: text/plain; charset="utf-8"
MIME-Version: 1.0
Content-Transfer-Encoding: 7bit

Greetings,
Your media store order #73 has been created. 

You can view a summary of this order here:
73

Sincerely,

The Media Facility
--===============3809482931142492885==
Content-Type: text/html; charset="utf-8"
MIME-Version: 1.0
Content-Transfer-Encoding: 7bit

Greetings,<br><br>

Your media store order #73 has been created. <br><br>

You can view a summary of this order:<br>
<a href="mediastore.int.janelia.org/order/edit/73">Order #73</a><br><br>



Sincerely,<br><br>

The Media Facility
--===============3809482931142492885==--

-------------------------------------------------------------------------------
