Content-Type: multipart/alternative;
 boundary="===============6607706595870086072=="
MIME-Version: 1.0
Subject: Message regarding Media Store Order 14
From: coffmans@janelia.hhmi.org
To: mediafacility@janelia.hhmi.org
Date: Wed, 05 Sep 2018 13:48:25 -0000
Message-ID: <20180905134825.8324.65585@vm650.int.janelia.org>

--===============6607706595870086072==
Content-Type: text/plain; charset="utf-8"
MIME-Version: 1.0
Content-Transfer-Encoding: 7bit

Greetings,
This email is concerning media store order #14.

You can view a summary of this order:


THIS IS A TEST

Sincerely,

Scarlett Harrison
--===============6607706595870086072==
Content-Type: text/html; charset="utf-8"
MIME-Version: 1.0
Content-Transfer-Encoding: 7bit

Greetings,<br><br>

This email is concerning media store order: #14.<br><br>

You can view a summary of this order:<br>
<b><a href="mediastore.int.janelia.org/order/edit/14">Order #14</a></b><br><br>

THIS IS A TEST<br><br>

Sincerely,<br><br>
Scarlett Harrison
--===============6607706595870086072==--

-------------------------------------------------------------------------------
