Content-Type: multipart/alternative;
 boundary="===============0957313054842372312=="
MIME-Version: 1.0
Subject: Order #9 Submitted
From: mediafacility@janelia.hhmi.org
To: rebhornb@janelia.hhmi.org
Cc: rebhornb@janelia.hhmi.org
Date: Fri, 17 Aug 2018 19:37:05 -0000
Message-ID: <20180817193705.40084.41567@vm650.int.janelia.org>

--===============0957313054842372312==
Content-Type: text/plain; charset="utf-8"
MIME-Version: 1.0
Content-Transfer-Encoding: 7bit

Greetings,
Your media store order #9 has been created. 

You can view a summary of this order here:
9

Sincerely,

The Media Facility
--===============0957313054842372312==
Content-Type: text/html; charset="utf-8"
MIME-Version: 1.0
Content-Transfer-Encoding: 7bit

Greetings,<br><br>

Your media store order #9 has been created. <br><br>

You can view a summary of this order:<br>
<a href="mediastore.int.janelia.org/order/edit/9">Order #9</a><br><br>



Sincerely,<br><br>

The Media Facility
--===============0957313054842372312==--

-------------------------------------------------------------------------------
