Content-Type: multipart/alternative;
 boundary="===============8502832569481709432=="
MIME-Version: 1.0
Subject: Order #68 Submitted
From: mediafacility@janelia.hhmi.org
To: kaoj@janelia.hhmi.org
Cc: kaoj@janelia.hhmi.org, mediafacility@janelia.hhmi.org
Date: Wed, 27 Jun 2018 20:28:37 -0000
Message-ID: <20180627202837.64664.96508@vm650.int.janelia.org>

--===============8502832569481709432==
Content-Type: text/plain; charset="utf-8"
MIME-Version: 1.0
Content-Transfer-Encoding: 7bit

Greetings,
Your media store order #68 has been edited. 

You can view a summary of this order here:
68

Sincerely,

The Media Facility
--===============8502832569481709432==
Content-Type: text/html; charset="utf-8"
MIME-Version: 1.0
Content-Transfer-Encoding: 7bit

Greetings,<br><br>

Your media store order #68 has been edited. <br><br>

You can view a summary of this order:<br>
<a href="/order/edit/68">Order #68</a><br><br>



Sincerely,<br><br>

The Media Facility
--===============8502832569481709432==--

-------------------------------------------------------------------------------
