Content-Type: multipart/alternative;
 boundary="===============0408878575439756598=="
MIME-Version: 1.0
Subject: Order #70 Submitted
From: mediafacility@janelia.hhmi.org
To: kaoj@janelia.hhmi.org
Cc: kaoj@janelia.hhmi.org, mediafacility@janelia.hhmi.org
Date: Wed, 27 Jun 2018 20:33:59 -0000
Message-ID: <20180627203359.65199.18041@vm650.int.janelia.org>

--===============0408878575439756598==
Content-Type: text/plain; charset="utf-8"
MIME-Version: 1.0
Content-Transfer-Encoding: 7bit

Greetings,
Your media store order #70 has been edited. 

You can view a summary of this order here:
70

Sincerely,

The Media Facility
--===============0408878575439756598==
Content-Type: text/html; charset="utf-8"
MIME-Version: 1.0
Content-Transfer-Encoding: 7bit

Greetings,<br><br>

Your media store order #70 has been edited. <br><br>

You can view a summary of this order:<br>
<a href="/order/edit/70">Order #70</a><br><br>



Sincerely,<br><br>

The Media Facility
--===============0408878575439756598==--

-------------------------------------------------------------------------------
