Content-Type: multipart/alternative;
 boundary="===============7365709694011743171=="
MIME-Version: 1.0
Subject: Order #46 Complete
From: mediafacility@janelia.hhmi.org
To: coffmans@janelia.hhmi.org
Cc: coffmans@janelia.hhmi.org, mediafacility@janelia.hhmi.org
Date: Thu, 14 Jun 2018 18:51:54 -0000
Message-ID: <20180614185154.3373.74768@vm650.int.janelia.org>

--===============7365709694011743171==
Content-Type: text/plain; charset="utf-8"
MIME-Version: 1.0
Content-Transfer-Encoding: 7bit

Greetings,
Your media store order #46 has been created. 

You can view a summary of this order here:
46

Sincerely,

The Media Facility
--===============7365709694011743171==
Content-Type: text/html; charset="utf-8"
MIME-Version: 1.0
Content-Transfer-Encoding: 7bit

Greetings,<br><br>

Your media store order #46 has been created. <br><br>

You can view a summary of this order:<br>
<a href="/order/view">Order #46</a><br><br>

Sincerely,<br><br>

The Media Facility
--===============7365709694011743171==--

-------------------------------------------------------------------------------
