Content-Type: multipart/alternative;
 boundary="===============6261259465377238164=="
MIME-Version: 1.0
Subject: Order #45 Complete
From: mediafacility@janelia.hhmi.org
To: hanslovskyp@janelia.hhmi.org
Cc: coffmans@janelia.hhmi.org, mediafacility@janelia.hhmi.org
Date: Thu, 14 Jun 2018 18:40:28 -0000
Message-ID: <20180614184028.2253.15862@vm650.int.janelia.org>

--===============6261259465377238164==
Content-Type: text/plain; charset="utf-8"
MIME-Version: 1.0
Content-Transfer-Encoding: 7bit

Greetings,
Your media store order #45 has been created. 

You can view a summary of this order here:
45

Sincerely,

The Media Facility
--===============6261259465377238164==
Content-Type: text/html; charset="utf-8"
MIME-Version: 1.0
Content-Transfer-Encoding: 7bit

Greetings,<br><br>

Your media store order #45 has been created. <br><br>

You can view a summary of this order:<br>
<a href="/order/view">Order #45</a><br><br>

Sincerely,<br><br>

The Media Facility
--===============6261259465377238164==--

-------------------------------------------------------------------------------
