Content-Type: multipart/alternative;
 boundary="===============4829857291108118067=="
MIME-Version: 1.0
Subject: Order #12 Submitted
From: mediafacility@janelia.hhmi.org
To: rebhornb@janelia.hhmi.org
Cc: rebhornb@janelia.hhmi.org
Date: Fri, 17 Aug 2018 19:41:07 -0000
Message-ID: <20180817194107.48244.10732@vm650.int.janelia.org>

--===============4829857291108118067==
Content-Type: text/plain; charset="utf-8"
MIME-Version: 1.0
Content-Transfer-Encoding: 7bit

Greetings,
Your media store order #12 has been created. 

You can view a summary of this order here:
12

Sincerely,

The Media Facility
--===============4829857291108118067==
Content-Type: text/html; charset="utf-8"
MIME-Version: 1.0
Content-Transfer-Encoding: 7bit

Greetings,<br><br>

Your media store order #12 has been created. <br><br>

You can view a summary of this order:<br>
<a href="mediastore.int.janelia.org/order/edit/12">Order #12</a><br><br>



Sincerely,<br><br>

The Media Facility
--===============4829857291108118067==--

-------------------------------------------------------------------------------
