Content-Type: multipart/alternative;
 boundary="===============4918295052631800226=="
MIME-Version: 1.0
Subject: Order #44 Complete
From: mediafacility@janelia.hhmi.org
To: coffmans@janelia.hhmi.org
Cc: coffmans@janelia.hhmi.org, mediafacility@janelia.hhmi.org
Date: Thu, 14 Jun 2018 17:29:23 -0000
Message-ID: <20180614172923.27560.20522@vm650.int.janelia.org>

--===============4918295052631800226==
Content-Type: text/plain; charset="utf-8"
MIME-Version: 1.0
Content-Transfer-Encoding: 7bit

Greetings,
Your media store order #44 has been created. 

You can view a summary of this order here:
44

Sincerely,

The Media Facility
--===============4918295052631800226==
Content-Type: text/html; charset="utf-8"
MIME-Version: 1.0
Content-Transfer-Encoding: 7bit

Greetings,<br><br>

Your media store order #44 has been created. <br><br>

You can view a summary of this order:<br>
<a href="/order/view">Order #44</a><br><br>

Sincerely,<br><br>

The Media Facility
--===============4918295052631800226==--

-------------------------------------------------------------------------------
