Content-Type: multipart/alternative;
 boundary="===============5030520192740431540=="
MIME-Version: 1.0
Subject: Message regarding Media Store Order 44
From: coffmans@janelia.hhmi.org
To: mediafacility@janelia.hhmi.org
Date: Thu, 14 Jun 2018 18:52:52 -0000
Message-ID: <20180614185252.3373.2368@vm650.int.janelia.org>

--===============5030520192740431540==
Content-Type: text/plain; charset="utf-8"
MIME-Version: 1.0
Content-Transfer-Encoding: 7bit

Greetings,
This email is concerning media store order #44.

You can view a summary of this order:


tessssssst

Sincerely,

Scarlett Harrison
--===============5030520192740431540==
Content-Type: text/html; charset="utf-8"
MIME-Version: 1.0
Content-Transfer-Encoding: 7bit

Greetings,<br><br>

This email is concerning media store order 44.<br><br>

You can view a summary of this order:<br>
<a href="http://mediastore.int.janelia.org/44/email/order/view">Order #44</a><br><br>

Sincerely,<br><br>

Scarlett Harrison
--===============5030520192740431540==--

-------------------------------------------------------------------------------
