Content-Type: multipart/alternative;
 boundary="===============5854649721316143998=="
MIME-Version: 1.0
Subject: Order #64 Complete
From: mediafacility@janelia.hhmi.org
To: harrisons1@janelia.hhmi.org
Date: Thu, 28 Jun 2018 17:59:11 -0000
Message-ID: <20180628175911.37872.263@vm650.int.janelia.org>

--===============5854649721316143998==
Content-Type: text/plain; charset="utf-8"
MIME-Version: 1.0
Content-Transfer-Encoding: 7bit

Greetings,
Your media store order #64 has been completed. 
Please remember to pick up your order from your preferred pick-up location:3W.266.

You can view a summary of this order:
64

Sincerely,

The Media Facility
--===============5854649721316143998==
Content-Type: text/html; charset="utf-8"
MIME-Version: 1.0
Content-Transfer-Encoding: 7bit

Greetings,<br><br>

Your media store order #64 has been completed. <br><br>
Please remember to pick up your order from your preferred pick-up location: <b>3W.266</b>.<br><br>

You can view a summary of this order:<br>
<b><a href="/order/edit/64">Order #64</a></b><br><br>

Sincerely,<br><br>

The Media Facility
--===============5854649721316143998==--

-------------------------------------------------------------------------------
