Content-Type: multipart/alternative;
 boundary="===============1065559525682915900=="
MIME-Version: 1.0
Subject: Order #56 Complete
From: mediafacility@janelia.hhmi.org
To: coffmans@janelia.hhmi.org
Cc: coffmans@janelia.hhmi.org, mediafacility@janelia.hhmi.org
Date: Mon, 18 Jun 2018 20:03:41 -0000
Message-ID: <20180618200341.38489.60595@vm650.int.janelia.org>

--===============1065559525682915900==
Content-Type: text/plain; charset="utf-8"
MIME-Version: 1.0
Content-Transfer-Encoding: 7bit

Greetings,
Your media store order #56 has been created. 

You can view a summary of this order here:
56

Sincerely,

The Media Facility
--===============1065559525682915900==
Content-Type: text/html; charset="utf-8"
MIME-Version: 1.0
Content-Transfer-Encoding: 7bit

Greetings,<br><br>

Your media store order #56 has been created. <br><br>

You can view a summary of this order:<br>
<a href="/order/view">Order #56</a><br><br>



Sincerely,<br><br>

The Media Facility
--===============1065559525682915900==--

-------------------------------------------------------------------------------
