Content-Type: multipart/alternative;
 boundary="===============5191001671177523924=="
MIME-Version: 1.0
Subject: Order #2 Submitted
From: mediafacility@janelia.hhmi.org
To: coffmans@janelia.hhmi.org
Cc: coffmans@janelia.hhmi.org
Date: Thu, 26 Jul 2018 18:07:12 -0000
Message-ID: <20180726180712.31199.29297@vm650.int.janelia.org>

--===============5191001671177523924==
Content-Type: text/plain; charset="utf-8"
MIME-Version: 1.0
Content-Transfer-Encoding: 7bit

Greetings,
Your media store order #2 has been created. 

You can view a summary of this order here:
2

Sincerely,

The Media Facility
--===============5191001671177523924==
Content-Type: text/html; charset="utf-8"
MIME-Version: 1.0
Content-Transfer-Encoding: 7bit

Greetings,<br><br>

Your media store order #2 has been created. <br><br>

You can view a summary of this order:<br>
<a href="mediastore.int.janelia.org/order/edit/2">Order #2</a><br><br>



Sincerely,<br><br>

The Media Facility
--===============5191001671177523924==--

-------------------------------------------------------------------------------
