Content-Type: multipart/alternative;
 boundary="===============3433946563060401565=="
MIME-Version: 1.0
Subject: Order #5 Submitted
From: mediafacility@janelia.hhmi.org
To: harrisons1@janelia.hhmi.org
Cc: harrisons1@janelia.hhmi.org
Date: Fri, 03 Aug 2018 20:11:14 -0000
Message-ID: <20180803201114.72362.30655@vm650.int.janelia.org>

--===============3433946563060401565==
Content-Type: text/plain; charset="utf-8"
MIME-Version: 1.0
Content-Transfer-Encoding: 7bit

Greetings,
Your media store order #5 has been created. 

You can view a summary of this order here:
5

Sincerely,

The Media Facility
--===============3433946563060401565==
Content-Type: text/html; charset="utf-8"
MIME-Version: 1.0
Content-Transfer-Encoding: 7bit

Greetings,<br><br>

Your media store order #5 has been created. <br><br>

You can view a summary of this order:<br>
<a href="mediastore.int.janelia.org/order/edit/5">Order #5</a><br><br>



Sincerely,<br><br>

The Media Facility
--===============3433946563060401565==--

-------------------------------------------------------------------------------
