Content-Type: multipart/alternative;
 boundary="===============6683857173312694636=="
MIME-Version: 1.0
Subject: Order #45 Complete
From: mediafacility@janelia.hhmi.org
To: hargusc@janelia.hhmi.org
Cc: kaoj@janelia.hhmi.org, mediafacility@janelia.hhmi.org
Date: Mon, 18 Jun 2018 14:15:40 -0000
Message-ID: <20180618141540.9617.34732@vm650.int.janelia.org>

--===============6683857173312694636==
Content-Type: text/plain; charset="utf-8"
MIME-Version: 1.0
Content-Transfer-Encoding: 7bit

Greetings,
Your media store order #45 has been edited. 

You can view a summary of this order here:
45

Sincerely,

The Media Facility
--===============6683857173312694636==
Content-Type: text/html; charset="utf-8"
MIME-Version: 1.0
Content-Transfer-Encoding: 7bit

Greetings,<br><br>

Your media store order #45 has been edited. <br><br>

You can view a summary of this order:<br>
<a href="/order/view">Order #45</a><br><br>

Sincerely,<br><br>

The Media Facility
--===============6683857173312694636==--

-------------------------------------------------------------------------------
