Content-Type: multipart/alternative;
 boundary="===============0131029903707572467=="
MIME-Version: 1.0
Subject: Order #71 Submitted
From: mediafacility@janelia.hhmi.org
To: kaoj@janelia.hhmi.org
Cc: harrisons1@janelia.hhmi.org
Date: Thu, 28 Jun 2018 15:01:11 -0000
Message-ID: <20180628150111.20570.83106@vm650.int.janelia.org>

--===============0131029903707572467==
Content-Type: text/plain; charset="utf-8"
MIME-Version: 1.0
Content-Transfer-Encoding: 7bit

Greetings,
Your media store order #71 has been created. 

You can view a summary of this order here:
71

Sincerely,

The Media Facility
--===============0131029903707572467==
Content-Type: text/html; charset="utf-8"
MIME-Version: 1.0
Content-Transfer-Encoding: 7bit

Greetings,<br><br>

Your media store order #71 has been created. <br><br>

You can view a summary of this order:<br>
<a href="mediastore.int.janelia.org/order/edit/71">Order #71</a><br><br>



Sincerely,<br><br>

The Media Facility
--===============0131029903707572467==--

-------------------------------------------------------------------------------
