Content-Type: multipart/alternative;
 boundary="===============7056158455539192646=="
MIME-Version: 1.0
Subject: Order #97 Submitted
From: mediafacility@janelia.hhmi.org
To: coffmans@janelia.hhmi.org
Cc: coffmans@janelia.hhmi.org
Date: Tue, 03 Jul 2018 19:05:17 -0000
Message-ID: <20180703190517.21463.20076@vm650.int.janelia.org>

--===============7056158455539192646==
Content-Type: text/plain; charset="utf-8"
MIME-Version: 1.0
Content-Transfer-Encoding: 7bit

Greetings,
Your recurring media store order #97 will be ending in three weeks. Please review your order and extend the end date if necessary.

You can view a summary of this order here:
mediastore.int.janelia.org/order/edit/97

Sincerely,

The Media Facility

--===============7056158455539192646==
Content-Type: text/html; charset="utf-8"
MIME-Version: 1.0
Content-Transfer-Encoding: 7bit

Greetings,<br><br>


Your recurring media store order #97 will be ending in three weeks. Please review your order and extend the end date if necessary.<br><br>

You can view a summary of this order:<br>
<b><a href="mediastore.int.janelia.org/order/edit/97">Order #97</a></b><br><br>

Sincerely,<br><br>

The Media Facility
--===============7056158455539192646==--

-------------------------------------------------------------------------------
